CREATE USER SA PASSWORD "" ADMIN
/*C1*/SET SCHEMA PUBLIC
CONNECT USER SA
/*C2*/SET SCHEMA PUBLIC
CONNECT USER SA
/*C3*/SET SCHEMA PUBLIC
CONNECT USER SA
/*C4*/SET SCHEMA PUBLIC
CONNECT USER SA
/*C5*/SET SCHEMA PUBLIC
CONNECT USER SA
/*C2*/SET AUTOCOMMIT FALSE
/*C4*/DISCONNECT
/*C2*/DISCONNECT
/*C5*/DISCONNECT
/*C3*/DISCONNECT
/*C1*/DISCONNECT
/*C6*/SET SCHEMA PUBLIC
CONNECT USER SA
/*C7*/SET SCHEMA PUBLIC
CONNECT USER SA
/*C8*/SET SCHEMA PUBLIC
CONNECT USER SA
/*C9*/SET SCHEMA PUBLIC
CONNECT USER SA
/*C10*/SET SCHEMA PUBLIC
CONNECT USER SA
/*C7*/drop table MESSAGES if exists
create table MESSAGES (MESSAGE_ID bigint generated by default as identity (start with 1), MESSAGE_TEXT varchar(255), NEXT_MESSAGE_ID bigint, primary key (MESSAGE_ID))
alter table MESSAGES add constraint FK131AF14C3CD7F3EA foreign key (NEXT_MESSAGE_ID) references MESSAGES
/*C8*/DISCONNECT
/*C6*/DISCONNECT
/*C9*/DISCONNECT
/*C10*/DISCONNECT
/*C7*/DISCONNECT
/*C11*/SET SCHEMA PUBLIC
CONNECT USER SA
/*C12*/SET SCHEMA PUBLIC
CONNECT USER SA
/*C13*/SET SCHEMA PUBLIC
CONNECT USER SA
/*C14*/SET SCHEMA PUBLIC
CONNECT USER SA
/*C15*/SET SCHEMA PUBLIC
CONNECT USER SA
/*C12*/SET AUTOCOMMIT FALSE
INSERT INTO MESSAGES VALUES(1,'Hello World with JPA',NULL)
COMMIT
SET AUTOCOMMIT TRUE
/*C13*/SET AUTOCOMMIT FALSE
SET AUTOCOMMIT TRUE
/*C14*/DISCONNECT
/*C11*/DISCONNECT
/*C13*/DISCONNECT
/*C15*/DISCONNECT
/*C12*/DISCONNECT
/*C16*/SET SCHEMA PUBLIC
CONNECT USER SA
/*C17*/SET SCHEMA PUBLIC
CONNECT USER SA
/*C18*/SET SCHEMA PUBLIC
CONNECT USER SA
/*C19*/SET SCHEMA PUBLIC
CONNECT USER SA
/*C20*/SET SCHEMA PUBLIC
CONNECT USER SA
/*C16*/SET AUTOCOMMIT FALSE
SET AUTOCOMMIT TRUE
drop table MESSAGES if exists
create table MESSAGES (MESSAGE_ID bigint generated by default as identity (start with 1), MESSAGE_TEXT varchar(255), NEXT_MESSAGE_ID bigint, primary key (MESSAGE_ID))
alter table MESSAGES add constraint FK_NEXT_MESSAGE foreign key (NEXT_MESSAGE_ID) references MESSAGES
/*C20*/DISCONNECT
/*C19*/DISCONNECT
/*C17*/DISCONNECT
/*C18*/DISCONNECT
/*C16*/DISCONNECT
/*C21*/SET SCHEMA PUBLIC
CONNECT USER SA
/*C22*/SET SCHEMA PUBLIC
CONNECT USER SA
/*C23*/SET SCHEMA PUBLIC
CONNECT USER SA
/*C24*/SET SCHEMA PUBLIC
CONNECT USER SA
/*C25*/SET SCHEMA PUBLIC
CONNECT USER SA
/*C21*/SET AUTOCOMMIT FALSE
SET AUTOCOMMIT TRUE
/*C22*/SET AUTOCOMMIT FALSE
INSERT INTO MESSAGES VALUES(1,'Hello World',NULL)
COMMIT
SET AUTOCOMMIT TRUE
/*C23*/SET AUTOCOMMIT FALSE
SET AUTOCOMMIT TRUE
/*C24*/SET AUTOCOMMIT FALSE
INSERT INTO MESSAGES VALUES(2,'Take me to your leader (please)',NULL)
DELETE FROM MESSAGES WHERE MESSAGE_ID=1
INSERT INTO MESSAGES VALUES(1,'Greetings Earthling',2)
COMMIT
SET AUTOCOMMIT TRUE
/*C25*/SET AUTOCOMMIT FALSE
SET AUTOCOMMIT TRUE
/*C22*/DISCONNECT
/*C24*/DISCONNECT
/*C21*/DISCONNECT
/*C23*/DISCONNECT
/*C25*/DISCONNECT
/*C26*/SET SCHEMA PUBLIC
CONNECT USER SA
/*C27*/SET SCHEMA PUBLIC
CONNECT USER SA
/*C28*/SET SCHEMA PUBLIC
CONNECT USER SA
/*C29*/SET SCHEMA PUBLIC
CONNECT USER SA
/*C30*/SET SCHEMA PUBLIC
CONNECT USER SA
/*C26*/SET AUTOCOMMIT FALSE
SET AUTOCOMMIT TRUE
alter table MESSAGES drop constraint FK_NEXT_MESSAGE
drop table MESSAGES if exists
create table MESSAGES (MESSAGE_ID bigint generated by default as identity (start with 1), MESSAGE_TEXT varchar(255), NEXT_MESSAGE_ID bigint, primary key (MESSAGE_ID))
alter table MESSAGES add constraint FK_NEXT_MESSAGE foreign key (NEXT_MESSAGE_ID) references MESSAGES
DISCONNECT
/*C30*/DISCONNECT
/*C29*/DISCONNECT
/*C28*/DISCONNECT
/*C27*/DISCONNECT
/*C31*/SET SCHEMA PUBLIC
CONNECT USER SA
/*C32*/SET SCHEMA PUBLIC
CONNECT USER SA
/*C33*/SET SCHEMA PUBLIC
CONNECT USER SA
/*C34*/SET SCHEMA PUBLIC
CONNECT USER SA
/*C35*/SET SCHEMA PUBLIC
CONNECT USER SA
/*C31*/SET AUTOCOMMIT FALSE
SET AUTOCOMMIT TRUE
/*C32*/SET AUTOCOMMIT FALSE
INSERT INTO MESSAGES VALUES(1,'Hello World',NULL)
COMMIT
SET AUTOCOMMIT TRUE
/*C33*/SET AUTOCOMMIT FALSE
SET AUTOCOMMIT TRUE
/*C34*/SET AUTOCOMMIT FALSE
INSERT INTO MESSAGES VALUES(2,'Take me to your leader (please)',NULL)
DELETE FROM MESSAGES WHERE MESSAGE_ID=1
INSERT INTO MESSAGES VALUES(1,'Greetings Earthling',2)
COMMIT
SET AUTOCOMMIT TRUE
/*C35*/SET AUTOCOMMIT FALSE
SET AUTOCOMMIT TRUE
/*C33*/DISCONNECT
/*C34*/DISCONNECT
/*C32*/DISCONNECT
/*C31*/DISCONNECT
/*C35*/DISCONNECT
/*C36*/SET SCHEMA PUBLIC
CONNECT USER SA
/*C37*/SET SCHEMA PUBLIC
CONNECT USER SA
/*C38*/SET SCHEMA PUBLIC
CONNECT USER SA
/*C39*/SET SCHEMA PUBLIC
CONNECT USER SA
/*C40*/SET SCHEMA PUBLIC
CONNECT USER SA
/*C36*/drop table MESSAGES if exists
create table MESSAGES (MESSAGE_ID bigint generated by default as identity (start with 1), MESSAGE_TEXT varchar(255), NEXT_MESSAGE_ID bigint, primary key (MESSAGE_ID))
alter table MESSAGES add constraint FK131AF14C3CD7F3EA foreign key (NEXT_MESSAGE_ID) references MESSAGES
/*C37*/DISCONNECT
/*C36*/DISCONNECT
/*C40*/DISCONNECT
/*C38*/DISCONNECT
/*C39*/DISCONNECT
/*C41*/SET SCHEMA PUBLIC
CONNECT USER SA
/*C42*/SET SCHEMA PUBLIC
CONNECT USER SA
/*C43*/SET SCHEMA PUBLIC
CONNECT USER SA
/*C44*/SET SCHEMA PUBLIC
CONNECT USER SA
/*C45*/SET SCHEMA PUBLIC
CONNECT USER SA
/*C42*/SET AUTOCOMMIT FALSE
INSERT INTO MESSAGES VALUES(1,'Hello World with JPA',NULL)
COMMIT
SET AUTOCOMMIT TRUE
/*C43*/SET AUTOCOMMIT FALSE
SET AUTOCOMMIT TRUE
/*C45*/DISCONNECT
/*C44*/DISCONNECT
/*C41*/DISCONNECT
/*C43*/DISCONNECT
/*C42*/DISCONNECT
